[2018-01-16T23:33:07.022] [DEBUG] cheese - login => username:admin,password:123456
[2018-01-16T23:33:07.026] [DEBUG] cheese - admin
[2018-01-16T23:33:07.069] [DEBUG] cheese - null
[2018-01-16T23:33:07.070] [DEBUG] cheese - null
[2018-02-14T21:40:50.350] [DEBUG] cheese - login => username:admin,password:123456
[2018-02-14T21:40:50.351] [DEBUG] cheese - admin
[2018-02-14T21:40:50.366] [DEBUG] cheese - null
[2018-02-14T21:40:50.367] [DEBUG] cheese - null
[2018-02-14T21:41:03.108] [DEBUG] cheese - login => username:admin,password:123456
[2018-02-14T21:41:03.108] [DEBUG] cheese - admin
[2018-02-14T21:41:03.113] [DEBUG] cheese - null
[2018-02-14T21:41:03.113] [DEBUG] cheese - null
[2018-03-05T13:23:18.798] [DEBUG] cheese - login => username:admin,password:123456
[2018-03-05T13:23:18.804] [DEBUG] cheese - admin
[2018-03-05T13:23:18.861] [DEBUG] cheese - null
[2018-03-05T13:23:18.861] [DEBUG] cheese - null
[2018-03-11T15:29:40.223] [DEBUG] cheese - login => username:zce,password:123456
[2018-03-11T15:29:40.225] [DEBUG] cheese - zce
[2018-03-11T15:29:40.238] [DEBUG] cheese - null
[2018-03-11T15:29:40.239] [DEBUG] cheese - null
[2018-03-11T15:30:43.435] [DEBUG] cheese - login => username:admin,password:123456
[2018-03-11T15:30:43.435] [DEBUG] cheese - admin
[2018-03-11T15:30:43.446] [DEBUG] cheese - null
[2018-03-11T15:30:43.446] [DEBUG] cheese - null
[2018-03-12T22:04:58.649] [DEBUG] cheese - login => username:admin,password:123456
[2018-03-12T22:04:58.650] [DEBUG] cheese - admin
[2018-03-12T22:04:58.693] [DEBUG] cheese - null
[2018-03-12T22:04:58.694] [DEBUG] cheese - null
[2018-03-19T17:28:11.114] [DEBUG] cheese - login => username:admin,password:123456
[2018-03-19T17:28:11.117] [DEBUG] cheese - admin
[2018-03-19T17:28:11.135] [DEBUG] cheese - null
[2018-03-19T17:28:11.136] [DEBUG] cheese - null
[2018-03-20T12:31:56.173] [DEBUG] cheese - login => username:admin,password:123456
[2018-03-20T12:31:56.175] [DEBUG] cheese - admin
[2018-03-20T12:31:56.196] [DEBUG] cheese - null
[2018-03-20T12:31:56.197] [DEBUG] cheese - null
